nohup: ignoring input
WARNING:tensorflow:From dsh_dishNet.py:51: slice_input_producer (from tensorflow.python.training.input) is deprecated and will be removed in a future version.
Instructions for updating:
Queue-based input pipelines have been replaced by `tf.data`. Use `tf.data.Dataset.from_tensor_slices(tuple(tensor_list)).shuffle(tf.shape(input_tensor, out_type=tf.int64)[0]).repeat(num_epochs)`. If `shuffle=False`, omit the `.shuffle(...)`.
WARNING:tensorflow:From /root/anaconda3/envs/tensorflow/lib/python3.5/site-packages/tensorflow/python/training/input.py:374: range_input_producer (from tensorflow.python.training.input) is deprecated and will be removed in a future version.
Instructions for updating:
Queue-based input pipelines have been replaced by `tf.data`. Use `tf.data.Dataset.range(limit).shuffle(limit).repeat(num_epochs)`. If `shuffle=False`, omit the `.shuffle(...)`.
WARNING:tensorflow:From /root/anaconda3/envs/tensorflow/lib/python3.5/site-packages/tensorflow/python/training/input.py:320: input_producer (from tensorflow.python.training.input) is deprecated and will be removed in a future version.
Instructions for updating:
Queue-based input pipelines have been replaced by `tf.data`. Use `tf.data.Dataset.from_tensor_slices(input_tensor).shuffle(tf.shape(input_tensor, out_type=tf.int64)[0]).repeat(num_epochs)`. If `shuffle=False`, omit the `.shuffle(...)`.
WARNING:tensorflow:From /root/anaconda3/envs/tensorflow/lib/python3.5/site-packages/tensorflow/python/training/input.py:190: limit_epochs (from tensorflow.python.training.input) is deprecated and will be removed in a future version.
Instructions for updating:
Queue-based input pipelines have been replaced by `tf.data`. Use `tf.data.Dataset.from_tensors(tensor).repeat(num_epochs)`.
WARNING:tensorflow:From /root/anaconda3/envs/tensorflow/lib/python3.5/site-packages/tensorflow/python/framework/op_def_library.py:263: colocate_with (from tensorflow.python.framework.ops) is deprecated and will be removed in a future version.
Instructions for updating:
Colocations handled automatically by placer.
WARNING:tensorflow:From /root/anaconda3/envs/tensorflow/lib/python3.5/site-packages/tensorflow/python/training/input.py:113: RefVariable.count_up_to (from tensorflow.python.ops.variables) is deprecated and will be removed in a future version.
Instructions for updating:
Prefer Dataset.range instead.
WARNING:tensorflow:From /root/anaconda3/envs/tensorflow/lib/python3.5/site-packages/tensorflow/python/ops/variables.py:2132: count_up_to (from tensorflow.python.ops.state_ops) is deprecated and will be removed in a future version.
Instructions for updating:
Prefer Dataset.range instead.
WARNING:tensorflow:From /root/anaconda3/envs/tensorflow/lib/python3.5/site-packages/tensorflow/python/training/input.py:199: QueueRunner.__init__ (from tensorflow.python.training.queue_runner_impl) is deprecated and will be removed in a future version.
Instructions for updating:
To construct input pipelines, use the `tf.data` module.
WARNING:tensorflow:From /root/anaconda3/envs/tensorflow/lib/python3.5/site-packages/tensorflow/python/training/input.py:199: add_queue_runner (from tensorflow.python.training.queue_runner_impl) is deprecated and will be removed in a future version.
Instructions for updating:
To construct input pipelines, use the `tf.data` module.
WARNING:tensorflow:From /root/anaconda3/envs/tensorflow/lib/python3.5/site-packages/tensorflow/python/training/input.py:202: to_float (from tensorflow.python.ops.math_ops) is deprecated and will be removed in a future version.
Instructions for updating:
Use tf.cast instead.
WARNING:tensorflow:From /root/anaconda3/envs/tensorflow/lib/python3.5/site-packages/tensorflow/python/ops/image_ops_impl.py:1241: div (from tensorflow.python.ops.math_ops) is deprecated and will be removed in a future version.
Instructions for updating:
Deprecated in favor of operator or tf.math.divide.
WARNING:tensorflow:From dsh_dishNet.py:59: batch (from tensorflow.python.training.input) is deprecated and will be removed in a future version.
Instructions for updating:
Queue-based input pipelines have been replaced by `tf.data`. Use `tf.data.Dataset.batch(batch_size)` (or `padded_batch(...)` if `dynamic_pad=True`).
