nohup: ignoring input
+ python dsh_dishNet_op_adam1.py
+ out1 =
run_v2.sh: 3: run_v2.sh: out1: not found
+ python get_hashcode_v2ep.py 11
2019-04-15 01:53:44.362917: I tensorflow/core/platform/cpu_feature_guard.cc:141] Your CPU supports instructions that this TensorFlow binary was not compiled to use: AVX2 AVX512F FMA
2019-04-15 01:53:44.402454: I tensorflow/core/platform/profile_utils/cpu_utils.cc:94] CPU Frequency: 2394370000 Hz
2019-04-15 01:53:44.403856: I tensorflow/compiler/xla/service/service.cc:150] XLA service 0x5595bcdf01d0 executing computations on platform Host. Devices:
2019-04-15 01:53:44.403910: I tensorflow/compiler/xla/service/service.cc:158]   StreamExecutor device (0): <undefined>, <undefined>
WARNING:tensorflow:From /root/anaconda3/envs/tensorflow/lib/python3.5/site-packages/tensorflow/python/training/queue_runner_impl.py:391: QueueRunner.__init__ (from tensorflow.python.training.queue_runner_impl) is deprecated and will be removed in a future version.
Instructions for updating:
To construct input pipelines, use the `tf.data` module.
WARNING:tensorflow:From /root/anaconda3/envs/tensorflow/lib/python3.5/site-packages/tensorflow/python/training/saver.py:1266: checkpoint_exists (from tensorflow.python.training.checkpoint_management) is deprecated and will be removed in a future version.
Instructions for updating:
Use standard file APIs to check for files with this prefix.
WARNING:tensorflow:From /root/anaconda3/envs/tensorflow/lib/python3.5/site-packages/tensorflow/python/ops/control_flow_ops.py:3632: colocate_with (from tensorflow.python.framework.ops) is deprecated and will be removed in a future version.
Instructions for updating:
Colocations handled automatically by placer.
WARNING:tensorflow:From /root/anaconda3/envs/tensorflow/lib/python3.5/site-packages/tensorflow/python/ops/image_ops_impl.py:618: to_double (from tensorflow.python.ops.math_ops) is deprecated and will be removed in a future version.
Instructions for updating:
Use tf.cast instead.
WARNING:tensorflow:From /root/anaconda3/envs/tensorflow/lib/python3.5/site-packages/tensorflow/python/ops/image_ops_impl.py:619: to_int32 (from tensorflow.python.ops.math_ops) is deprecated and will be removed in a future version.
Instructions for updating:
Use tf.cast instead.
WARNING:tensorflow:From /root/anaconda3/envs/tensorflow/lib/python3.5/site-packages/tensorflow/python/ops/image_ops_impl.py:1241: div (from tensorflow.python.ops.math_ops) is deprecated and will be removed in a future version.
Instructions for updating:
Deprecated in favor of operator or tf.math.divide.
+ out2 =
run_v2.sh: 4: run_v2.sh: out2: not found
+ python get_hashcode_v2ep_all.py 8
2019-04-15 02:02:47.390021: I tensorflow/core/platform/cpu_feature_guard.cc:141] Your CPU supports instructions that this TensorFlow binary was not compiled to use: AVX2 AVX512F FMA
2019-04-15 02:02:47.398110: I tensorflow/core/platform/profile_utils/cpu_utils.cc:94] CPU Frequency: 2394370000 Hz
2019-04-15 02:02:47.398330: I tensorflow/compiler/xla/service/service.cc:150] XLA service 0x560cc1ede2f0 executing computations on platform Host. Devices:
2019-04-15 02:02:47.398352: I tensorflow/compiler/xla/service/service.cc:158]   StreamExecutor device (0): <undefined>, <undefined>
WARNING:tensorflow:From /root/anaconda3/envs/tensorflow/lib/python3.5/site-packages/tensorflow/python/training/queue_runner_impl.py:391: QueueRunner.__init__ (from tensorflow.python.training.queue_runner_impl) is deprecated and will be removed in a future version.
Instructions for updating:
To construct input pipelines, use the `tf.data` module.
WARNING:tensorflow:From /root/anaconda3/envs/tensorflow/lib/python3.5/site-packages/tensorflow/python/training/saver.py:1266: checkpoint_exists (from tensorflow.python.training.checkpoint_management) is deprecated and will be removed in a future version.
Instructions for updating:
Use standard file APIs to check for files with this prefix.
WARNING:tensorflow:From /root/anaconda3/envs/tensorflow/lib/python3.5/site-packages/tensorflow/python/ops/control_flow_ops.py:3632: colocate_with (from tensorflow.python.framework.ops) is deprecated and will be removed in a future version.
Instructions for updating:
Colocations handled automatically by placer.
WARNING:tensorflow:From /root/anaconda3/envs/tensorflow/lib/python3.5/site-packages/tensorflow/python/ops/image_ops_impl.py:618: to_double (from tensorflow.python.ops.math_ops) is deprecated and will be removed in a future version.
Instructions for updating:
Use tf.cast instead.
WARNING:tensorflow:From /root/anaconda3/envs/tensorflow/lib/python3.5/site-packages/tensorflow/python/ops/image_ops_impl.py:619: to_int32 (from tensorflow.python.ops.math_ops) is deprecated and will be removed in a future version.
Instructions for updating:
Use tf.cast instead.
WARNING:tensorflow:From /root/anaconda3/envs/tensorflow/lib/python3.5/site-packages/tensorflow/python/ops/image_ops_impl.py:1241: div (from tensorflow.python.ops.math_ops) is deprecated and will be removed in a future version.
Instructions for updating:
Deprecated in favor of operator or tf.math.divide.
Killed
+ out3 =
run_v2.sh: 5: run_v2.sh: out3: not found
+ python get_hashcode_v2ep_all.py 11
2019-04-15 14:01:03.105623: I tensorflow/core/platform/cpu_feature_guard.cc:141] Your CPU supports instructions that this TensorFlow binary was not compiled to use: AVX2 AVX512F FMA
2019-04-15 14:01:03.157385: I tensorflow/core/platform/profile_utils/cpu_utils.cc:94] CPU Frequency: 2394370000 Hz
2019-04-15 14:01:03.161369: I tensorflow/compiler/xla/service/service.cc:150] XLA service 0x562f179e5320 executing computations on platform Host. Devices:
2019-04-15 14:01:03.161434: I tensorflow/compiler/xla/service/service.cc:158]   StreamExecutor device (0): <undefined>, <undefined>
WARNING:tensorflow:From /root/anaconda3/envs/tensorflow/lib/python3.5/site-packages/tensorflow/python/training/queue_runner_impl.py:391: QueueRunner.__init__ (from tensorflow.python.training.queue_runner_impl) is deprecated and will be removed in a future version.
Instructions for updating:
To construct input pipelines, use the `tf.data` module.
WARNING:tensorflow:From /root/anaconda3/envs/tensorflow/lib/python3.5/site-packages/tensorflow/python/training/saver.py:1266: checkpoint_exists (from tensorflow.python.training.checkpoint_management) is deprecated and will be removed in a future version.
Instructions for updating:
Use standard file APIs to check for files with this prefix.
WARNING:tensorflow:From /root/anaconda3/envs/tensorflow/lib/python3.5/site-packages/tensorflow/python/ops/control_flow_ops.py:3632: colocate_with (from tensorflow.python.framework.ops) is deprecated and will be removed in a future version.
Instructions for updating:
Colocations handled automatically by placer.
WARNING:tensorflow:From /root/anaconda3/envs/tensorflow/lib/python3.5/site-packages/tensorflow/python/ops/image_ops_impl.py:618: to_double (from tensorflow.python.ops.math_ops) is deprecated and will be removed in a future version.
Instructions for updating:
Use tf.cast instead.
WARNING:tensorflow:From /root/anaconda3/envs/tensorflow/lib/python3.5/site-packages/tensorflow/python/ops/image_ops_impl.py:619: to_int32 (from tensorflow.python.ops.math_ops) is deprecated and will be removed in a future version.
Instructions for updating:
Use tf.cast instead.
WARNING:tensorflow:From /root/anaconda3/envs/tensorflow/lib/python3.5/site-packages/tensorflow/python/ops/image_ops_impl.py:1241: div (from tensorflow.python.ops.math_ops) is deprecated and will be removed in a future version.
Instructions for updating:
Deprecated in favor of operator or tf.math.divide.
