get url --- https://www.douguo.com/search/recipe/西红柿牛腩
get url --- https://cp1.douguo.com/upload/caiku/a/9/7/400x266_a987ed049a6c2159d5f371c21da6b5e7.jpg
get url --- https://cp1.douguo.com/upload/caiku/c/c/e/400x266_cc42613d459182a8c8b0ad55ff67fcbe.jpg
get url --- https://cp1.douguo.com/upload/caiku/0/d/6/400x266_0ddbad6aee4d4b96004a9af822232f36.jpg
get url --- https://cp1.douguo.com/upload/caiku/3/6/8/400x266_36812ee8ea3e98162f0b680a2b720d48.jpeg
get url --- https://cp1.douguo.com/upload/caiku/6/4/9/400x266_64b8417bf1dbe24797511192c5897139.jpg
get url --- https://cp1.douguo.com/upload/caiku/0/f/8/400x266_0f00cf029c2207daa46920ade284c388.jpg
get url --- https://cp1.douguo.com/upload/caiku/5/7/c/400x266_574dab19033a5aa20f170b92372cbd0c.jpg
get url --- https://cp1.douguo.com/upload/caiku/6/4/5/400x266_64897e219872d2864f3af467334c5df5.jpg
get url --- https://cp1.douguo.com/upload/caiku/3/c/0/400x266_3cc69e67519d08b4a5bd3307a79c5360.jpg
get url --- https://cp1.douguo.com/upload/caiku/d/4/8/400x266_d474d281ae66520a5636600a2f4ef358.jpg
get url --- https://cp1.douguo.com/upload/caiku/7/e/3/400x266_7e9ce1f4fe71dcf1af7fe1dd8f1f4c93.jpg
get url --- https://cp1.douguo.com/upload/caiku/0/a/7/400x266_0af8146650e265194cf4b74621c3e397.jpg
get url --- https://cp1.douguo.com/upload/caiku/0/5/7/400x266_0549f75d200b5722bcbdaf62181a10b7.jpg
get url --- https://cp1.douguo.com/upload/caiku/2/1/4/400x266_21725a8abf0d3da1390cffee38404474.jpg
get url --- https://cp1.douguo.com/upload/caiku/6/b/d/400x266_6b587ce5e6648c487f84a4f71422ebbd.jpg
get url --- https://cp1.douguo.com/upload/caiku/8/3/9/400x266_83b95d88851d7b52542fa4b6cdb19309.jpeg
get url --- https://cp1.douguo.com/upload/caiku/b/b/0/400x266_bbce6cfcce141f55545c0ea528af1fb0.jpeg
get url --- https://cp1.douguo.com/upload/caiku/0/5/d/400x266_05a982807ab1ffc94b2acecf032e684d.jpg
get url --- https://cp1.douguo.com/upload/caiku/1/9/f/400x266_19fcc5b3f14835daad188d21ea2d4abf.jpg
get url --- https://cp1.douguo.com/upload/caiku/c/f/d/400x266_cfd71bf2754afc2dad2a90160677551d.jpg
get url --- https://www.douguo.com/search/recipe/土豆炖牛腩
get url --- https://cp1.douguo.com/upload/caiku/a/9/7/400x266_a987ed049a6c2159d5f371c21da6b5e7.jpg
get url --- https://cp1.douguo.com/upload/caiku/4/e/3/400x266_4e09ecd60b00ddbab53002bff1b4a2e3.jpg
get url --- https://cp1.douguo.com/upload/caiku/f/3/a/400x266_f3d9fbc23df61ef3309ab0a0fa7bbcda.jpg
get url --- https://cp1.douguo.com/upload/caiku/3/e/1/400x266_3efed84f1482100de4a27dbac5bbe1d1.jpg
get url --- https://cp1.douguo.com/upload/caiku/8/1/f/400x266_81babe85440cf380266fc7877f50822f.jpg
get url --- https://cp1.douguo.com/upload/caiku/2/2/5/400x266_22adf64ad250c0110b0130044d277ca5.jpg
get url --- https://cp1.douguo.com/upload/caiku/6/5/b/400x266_653fb337debee56080bafe52c21b816b.jpg
get url --- https://cp1.douguo.com/upload/caiku/7/0/0/400x266_70690c9d623c832f48ed413633f286e0.jpg
get url --- https://cp1.douguo.com/upload/caiku/3/8/5/400x266_388b7da344272a1fe601ddce38ca9995.jpg
get url --- https://cp1.douguo.com/upload/caiku/c/6/1/400x266_c69d170f62541325726a143c433fe751.jpg
get url --- https://cp1.douguo.com/upload/caiku/c/f/d/400x266_cfd71bf2754afc2dad2a90160677551d.jpg
get url --- https://cp1.douguo.com/upload/caiku/0/5/d/400x266_054af4748139c039cfdb97af1d43f2ed.jpg
get url --- https://cp1.douguo.com/upload/caiku/7/f/8/400x266_7f4809f711e674a0a6112518fc6978d8.jpg
get url --- https://cp1.douguo.com/upload/caiku/e/0/c/400x266_e0d61a91bba61c3cffa51a7bc6d8c01c.jpg
get url --- https://cp1.douguo.com/upload/caiku/5/4/7/400x266_5440e7afe86946bdaaa78c4ba2808567.jpg
get url --- https://cp1.douguo.com/upload/caiku/8/a/e/400x266_8a9cb686b018a0dec32bedb7698d65de.jpg
get url --- https://cp1.douguo.com/upload/caiku/9/e/a/400x266_9e5d67ee66d4dbabaab69e3fe7a758ea.jpg
get url --- https://cp1.douguo.com/upload/caiku/0/c/6/400x266_0c6649899baafe0a92d645462a84aa36.jpg
get url --- https://cp1.douguo.com/upload/caiku/d/b/5/400x266_db98afc1061b9d16ee2cf35929b8a255.jpg
get url --- https://cp1.douguo.com/upload/caiku/f/d/9/400x266_fd199a5dde7fe00d7b3eb0e0033c5b99.jpeg
get url --- https://www.douguo.com/search/recipe/杭椒牛柳
get url --- https://cp1.douguo.com/upload/caiku/3/5/b/400x266_352b192534761952346698a63b30fbeb.jpeg
get url --- https://cp1.douguo.com/upload/caiku/c/9/2/400x266_c9d6fc5f1a06cdb1eb12ef8804c0e792.jpg
get url --- https://cp1.douguo.com/upload/caiku/6/3/1/400x266_63b4bb82ac4920d6201acd90367ebbd1.jpeg
get url --- https://cp1.douguo.com/upload/caiku/5/3/0/400x266_531237d77f5f559ec60daf0b56686ba0.jpg
get url --- https://cp1.douguo.com/upload/caiku/9/c/8/400x266_9c198038fa3bcc53c865f0df9da1eb38.jpg
get url --- https://cp1.douguo.com/upload/caiku/7/6/d/400x266_766ae9be756f6d0894864f518941978d.jpg
get url --- https://cp1.douguo.com/upload/caiku/4/6/5/400x266_4662ccd25c75b2c74451f90cc9d5c695.jpg
get url --- https://cp1.douguo.com/upload/caiku/4/c/3/400x266_4c8b4e5f8375f67db67ff4c40ef00d23.jpg
get url --- https://cp1.douguo.com/upload/caiku/5/9/5/400x266_59ee85f177bef767a5921a446e2c4715.jpg
get url --- https://cp1.douguo.com/upload/caiku/9/c/4/400x266_9cb654ca06f7134505e418d65ea219b4.jpg
get url --- https://cp1.douguo.com/upload/caiku/7/6/d/400x266_761b97cc53d85bc4546002033f7c842d.jpg
get url --- https://cp1.douguo.com/upload/caiku/9/2/a/400x266_92f15f9833647cae1e6e13d59a223a0a.jpeg
get url --- https://cp1.douguo.com/upload/caiku/7/2/3/400x266_7221ffdcc18ec5d5e2ed9b314063f423.jpg
get url --- https://cp1.douguo.com/upload/caiku/c/9/e/400x266_c96c967d679b5c7aa2841cb2d3e4752e.jpg
get url --- https://cp1.douguo.com/upload/caiku/e/0/3/400x266_e02f6390cb8a7a91b8ff99ed5f5be2a3.jpg
get url --- https://cp1.douguo.com/upload/caiku/c/9/4/400x266_c9d20ac5a5bf2bf1fb1b73c6fcf7d1d4.jpg
get url --- https://cp1.douguo.com/upload/caiku/7/d/a/400x266_7d79ad62c2452d0c7603ae99e65cfe5a.jpg
get url --- https://cp1.douguo.com/upload/caiku/5/c/0/400x266_5c461c34c9169857e024d9023b3f6f90.jpg
get url --- https://cp1.douguo.com/upload/caiku/6/d/f/400x266_6d22fb265b9583776870df9a47a5aa3f.jpg
get url --- https://cp1.douguo.com/upload/caiku/3/0/b/400x266_30ed973c1a9053075646c2615fbad5ab.jpg
get url --- https://www.douguo.com/search/recipe/梅菜扣肉
get url --- https://cp1.douguo.com/upload/caiku/c/4/b/400x266_c4384853514cc85ace5bd50e6412daeb.jpg
get url --- https://cp1.douguo.com/upload/caiku/9/c/e/400x266_9ca48c927ec31c7631d7559ba0ce97ae.jpg
get url --- https://cp1.douguo.com/upload/caiku/f/3/d/400x266_f30dda69dfa9d677963ae4e3118f5a5d.jpeg
get url --- https://cp1.douguo.com/upload/caiku/b/2/c/400x266_b218874da271150f9392434e16e1de6c.jpg
get url --- https://cp1.douguo.com/upload/caiku/d/b/2/400x266_db4ed2ebc727061afac6a6d3ce68ffa2.jpg
get url --- https://cp1.douguo.com/upload/caiku/1/d/c/400x266_1db8eca085b44222778c3ab3895bb2ac.jpg
get url --- https://cp1.douguo.com/upload/caiku/0/5/b/400x266_05dab7d5f7469a38541d5364595239cb.jpg
get url --- https://cp1.douguo.com/upload/caiku/8/8/4/400x266_88dd2562c624428db06c953e3dcd63c4.jpeg
get url --- https://cp1.douguo.com/upload/caiku/6/7/b/400x266_674c47cf3f3c8a102d935e5d4d22fefb.jpg
get url --- https://cp1.douguo.com/upload/caiku/2/1/a/400x266_2128262589aca2f66fceedb76563d8ba.jpg
get url --- https://cp1.douguo.com/upload/caiku/d/2/4/400x266_d220aa169cc705d0d1104c750f9e3084.png
get url --- https://cp1.douguo.com/upload/caiku/5/d/7/400x266_5d6ae1f15d208d8c337e7d0e53000937.jpeg
get url --- https://cp1.douguo.com/upload/caiku/6/5/5/400x266_6509a7a4cd8dbb211a2ccfc1502b15a5.jpeg
get url --- https://cp1.douguo.com/upload/caiku/2/8/9/400x266_280b015cdf99becdc6af4437ec0a8b19.jpg
get url --- https://cp1.douguo.com/upload/caiku/8/2/e/400x266_828a6da37de72549fc5322fdaab9a11e.jpeg
get url --- https://cp1.douguo.com/upload/caiku/8/1/7/400x266_81da980f41562470fad60ca1e49dc7b7.jpeg
get url --- https://cp1.douguo.com/upload/caiku/1/7/2/400x266_17d3b31e34720611b7236482b59b5a92.jpg
get url --- https://cp1.douguo.com/upload/caiku/b/8/a/400x266_b89cd522f3dcceacb5641d565ca7535a.jpeg
get url --- https://cp1.douguo.com/upload/caiku/7/2/a/400x266_72e8f7e3f421d02cf7200fb0386d9b9a.jpeg
get url --- https://cp1.douguo.com/upload/caiku/b/1/b/400x266_b10155a47a0b4ecb4e721c01cf59988b.jpg
get url --- https://www.douguo.com/search/recipe/回锅肉
get url --- https://cp1.douguo.com/upload/caiku/e/7/7/400x266_e7ba62e7854856cd71f90fd92a650647.jpg
get url --- https://cp1.douguo.com/upload/caiku/6/8/9/400x266_68f0db85c1fad1c45250d5665e50c269.jpg
get url --- https://cp1.douguo.com/upload/caiku/6/f/1/400x266_6f3c1b79bcd61cd5b6d8509c92b2ab61.jpg
get url --- https://cp1.douguo.com/upload/caiku/7/e/a/400x266_7efeae0383875631beffa6625d15f00a.jpg
get url --- https://cp1.douguo.com/upload/caiku/8/7/a/400x266_8770106fbb8f1000075ff87575c433ca.jpg
get url --- https://cp1.douguo.com/upload/caiku/6/8/b/400x266_688a9d356814579c46efb533256ed1fb.jpg
get url --- https://cp1.douguo.com/upload/caiku/a/d/1/400x266_ad6cb2ee722b02636daae286d3257b41.jpg
get url --- https://cp1.douguo.com/upload/caiku/0/f/9/400x266_0f2ed658212f0df3561a1ec755bb8ba9.jpg
get url --- https://cp1.douguo.com/upload/caiku/7/0/6/400x266_70993b3330c7853622aa9a3c555330b6.jpg
get url --- https://cp1.douguo.com/upload/caiku/6/a/3/400x266_6aa2ba470e00662a3bf8db8aaec8dc53.jpg
get url --- https://cp1.douguo.com/upload/caiku/3/9/5/400x266_3924361ca60958a688a5cd07a6885505.jpeg
get url --- https://cp1.douguo.com/upload/caiku/3/0/1/400x266_3025de904c1f65c32b7309207893db31.jpg
get url --- https://cp1.douguo.com/upload/caiku/d/b/1/400x266_db8bb8e5a7c59e9ddefb7c81da9fc621.jpg
get url --- https://cp1.douguo.com/upload/caiku/c/a/7/400x266_ca53570be31911ffc5db9188ec5e4177.jpg
get url --- https://cp1.douguo.com/upload/caiku/1/6/d/400x266_16248a787fff2c240851f47473c7b5dd.jpg
get url --- https://cp1.douguo.com/upload/caiku/5/a/0/400x266_5a587bdb74daa652c56c2eb8f6f8d150.jpg
get url --- https://cp1.douguo.com/upload/caiku/f/4/f/400x266_f4ee3e300ade688bec3c33d753ef152f.jpg
get url --- https://cp1.douguo.com/upload/caiku/a/0/8/400x266_a02a21bf78b14fde9e5420becd7b9cb8.jpg
get url --- https://cp1.douguo.com/upload/caiku/e/2/5/400x266_e260c0269adb9c30d8c7176bb6b5db05.jpg
get url --- https://cp1.douguo.com/upload/caiku/e/1/3/400x266_e1b97f4dcbf5e1f23ea9fcca9329ef23.jpg
get url --- https://www.douguo.com/search/recipe/猪肉炖粉条
get url --- https://cp1.douguo.com/upload/caiku/1/d/f/400x266_1d8f95c6c60531eb3f8603d23ecbf8ff.jpg
get url --- https://cp1.douguo.com/upload/caiku/b/c/6/400x266_bc34749687ad8fe24db4effe98ec2dd6.jpg
get url --- https://cp1.douguo.com/upload/caiku/f/c/6/400x266_fc72d1cee6665cd1b0f0e23274b23ff6.jpg
get url --- https://cp1.douguo.com/upload/caiku/8/a/2/400x266_8a92f333302af165799d956fa37be452.jpg
get url --- https://cp1.douguo.com/upload/caiku/4/e/6/400x266_4ef98857473ab28521da049d1fe33106.jpg
get url --- https://cp1.douguo.com/upload/caiku/f/0/2/400x266_f03a2563b14b51c96873aae39bbb6bc2.jpg
get url --- https://cp1.douguo.com/upload/caiku/a/3/8/400x266_a328c58f36069477a92e66bd078b6d78.jpg
get url --- https://cp1.douguo.com/upload/caiku/a/a/f/400x266_aa82b95c2b70161f66bdc746e9767f2f.jpg
get url --- https://cp1.douguo.com/upload/caiku/b/a/5/400x266_baf1fb2daf23883090bb9c184077d1e5.jpg
get url --- https://cp1.douguo.com/upload/caiku/c/3/9/400x266_c3fb5d137ce7f708ecdaa637e3faaf19.jpg
get url --- https://cp1.douguo.com/upload/caiku/e/9/e/400x266_e963ef6a6ac3a35f33a2dbd3c300937e.jpg
get url --- https://cp1.douguo.com/upload/caiku/7/f/c/400x266_7f4ff38750321fb5e8b78e071b5e0e9c.jpg
get url --- https://cp1.douguo.com/upload/caiku/2/6/b/400x266_2689a72357a1d34bc480d25b2c41e3cb.jpeg
get url --- https://cp1.douguo.com/upload/caiku/7/9/c/400x266_79f8ba2a7b9718e41122bf702610b8ec.jpg
get url --- https://cp1.douguo.com/upload/caiku/a/1/a/400x266_a11306207d6d962a6823e2cd00792d6a.jpg
get url --- https://cp1.douguo.com/upload/caiku/0/d/2/400x266_0d2c30f44c550b21b8630eb6862021c2.jpeg
get url --- https://cp1.douguo.com/upload/caiku/b/8/3/400x266_b8278f0292abb0f110afdeefd99c0313.jpg
get url --- https://cp1.douguo.com/upload/caiku/1/2/8/400x266_128f4a464a056a2ffd18ffa7bc6e1e18.jpg
get url --- https://cp1.douguo.com/upload/caiku/3/a/9/400x266_3a0e5f3d33b7689f964e1163611d7d19.jpg
get url --- https://www.douguo.com/search/recipe/水煮肉片
get url --- https://cp1.douguo.com/upload/caiku/7/6/6/400x266_76d095ac985804e93a26558ea3d6f2d6.jpg
get url --- https://cp1.douguo.com/upload/caiku/7/2/f/400x266_725175d2ae4c8238b3ff83bcc01e569f.jpg
get url --- https://cp1.douguo.com/upload/caiku/c/9/9/400x266_c93beaf88c3758741cf190bf5a399ef9.jpg
get url --- https://cp1.douguo.com/upload/caiku/2/c/a/400x266_2c5745cd85c582313712b09bc382a39a.jpg
get url --- https://cp1.douguo.com/upload/caiku/9/6/9/400x266_96575443d940a8a0700923416b83b099.jpg
get url --- https://cp1.douguo.com/upload/caiku/9/6/b/400x266_963fbb94b004569918e0e306b033b23b.jpg
get url --- https://cp1.douguo.com/upload/caiku/6/4/c/400x266_64b997cc9c9089cae229a56cdc67d47c.jpg
get url --- https://cp1.douguo.com/upload/caiku/f/9/e/400x266_f984f1d08bae515919cf7667dfb370ee.jpg
get url --- https://cp1.douguo.com/upload/caiku/4/8/f/400x266_4806a5ed34e5a08522071a67688c5b9f.jpg
get url --- https://cp1.douguo.com/upload/caiku/6/8/4/400x266_68b7bc9c8da2df1c7f0f5ef0473af5d4.jpg
get url --- https://cp1.douguo.com/upload/caiku/7/6/1/400x266_76c5dc3f35301cda8c65ae36fde0d711.jpeg
get url --- https://cp1.douguo.com/upload/caiku/6/1/8/400x266_6119d8493e41c96838c0ee73e63e0d18.jpg
get url --- https://cp1.douguo.com/upload/caiku/d/4/9/400x266_d4c9dd57bc90db19c1a6cbd9a806cd79.jpg
get url --- https://cp1.douguo.com/upload/caiku/4/8/0/400x266_48c82b1644a445fcc0fbe735cfd0f3a0.jpg
get url --- https://cp1.douguo.com/upload/caiku/6/9/5/400x266_69ede6185003febf7373123331ae17d5.jpg
get url --- https://cp1.douguo.com/upload/caiku/a/a/4/400x266_aa5acc1da4a7932dcdf1ebd1d3c04ab4.jpg
get url --- https://cp1.douguo.com/upload/caiku/c/b/5/400x266_cbc867d96389abe8502ba1b2eb6b5945.jpg
get url --- https://cp1.douguo.com/upload/caiku/3/1/6/400x266_31164369864e9c62a06db225119321f6.jpg
get url --- https://cp1.douguo.com/upload/caiku/6/3/f/400x266_6332053254b0dc6019df5145e9da017f.jpeg
get url --- https://cp1.douguo.com/upload/caiku/9/2/3/400x266_928df5b524084c6b6d8ce2c830a27153.jpg
get url --- https://www.douguo.com/search/recipe/糖醋里脊
get url --- https://cp1.douguo.com/upload/caiku/a/b/0/400x266_ab83917352a12205d7829a73153a9150.jpg
get url --- https://cp1.douguo.com/upload/caiku/e/7/7/400x266_e778042be1cf2c6245de7dae94d488a7.jpg
get url --- https://cp1.douguo.com/upload/caiku/1/e/d/400x266_1e50b8c860dd911e75ce886e1242da8d.jpg
get url --- https://cp1.douguo.com/upload/caiku/4/b/d/400x266_4bba731c7f418a2687711ceaab05783d.jpg
get url --- https://cp1.douguo.com/upload/caiku/0/a/d/400x266_0a5742901010164afc9b9dbce1a48f0d.jpg
get url --- https://cp1.douguo.com/upload/caiku/9/1/0/400x266_91a67aa22202e1c447502af0cbaadce0.jpg
get url --- https://cp1.douguo.com/upload/caiku/5/a/3/400x266_5a89c5c290339f6f2d568110643dda13.jpeg
get url --- https://cp1.douguo.com/upload/caiku/d/3/2/400x266_d3ba6b220c0a16adea63675cb1612132.jpeg
get url --- https://cp1.douguo.com/upload/caiku/2/4/9/400x266_249bf03578a6554c8966400d94e16fd9.png
get url --- https://cp1.douguo.com/upload/caiku/c/2/6/400x266_c2c7c88944b618eacb2268d770b879c6.jpg
get url --- https://cp1.douguo.com/upload/caiku/f/b/1/400x266_fbefc196a79326583ae74e1f30450fb1.jpg
get url --- https://cp1.douguo.com/upload/caiku/5/3/1/400x266_533597fa1147996640e76fdecbab1941.jpg
get url --- https://cp1.douguo.com/upload/caiku/e/9/d/400x266_e9916caf98058bcf722e9ff0235493fd.jpg
get url --- https://cp1.douguo.com/upload/caiku/5/f/a/400x266_5f490fd707de271a2e3c6fed4e256d3a.jpeg
get url --- https://cp1.douguo.com/upload/caiku/b/7/e/400x266_b7ef6569d480339ecbf0211ccd4a336e.jpg
get url --- https://cp1.douguo.com/upload/caiku/d/d/a/400x266_dd233553eb7611d3b3bb0e06ea2f86ca.jpeg
get url --- https://cp1.douguo.com/upload/caiku/8/d/c/400x266_8db7f76717f00da0f23089d1200ce8cc.jpg
get url --- https://cp1.douguo.com/upload/caiku/8/a/0/400x266_8a03e9d4a0ae7fd22dfbae1307d70c80.jpg
get url --- https://cp1.douguo.com/upload/caiku/0/e/1/400x266_0e3a35ca2c2d26f433ca5fd7c21971a1.jpg
get url --- https://cp1.douguo.com/upload/caiku/6/4/c/400x266_6473f50fd0853152988d1c242b822fec.jpg
